The system is: Linux - 5.4.0-1062-raspi - armv7l
Compiling the C compiler identification source file "CMakeCCompilerId.c" succeeded.
Compiler: /usr/bin/cc 
Build flags: 
Id flags:  

The output was:
0


Compilation of the C compiler identification source "CMakeCCompilerId.c" produced "a.out"

The C compiler identification is GNU, found in "/home/hit-ices/omz_demos_build/CMakeFiles/3.16.3/CompilerIdC/a.out"

Compiling the CXX compiler identification source file "CMakeCXXCompilerId.cpp" succeeded.
Compiler: /usr/bin/c++ 
Build flags: 
Id flags:  

The output was:
0


Compilation of the CXX compiler identification source "CMakeCXXCompilerId.cpp" produced "a.out"

The CXX compiler identification is GNU, found in "/home/hit-ices/omz_demos_build/CMakeFiles/3.16.3/CompilerIdCXX/a.out"

Determining if the C compiler works passed with the following output:
Change Dir: /home/hit-ices/omz_demos_build/CMakeFiles/CMakeTmp

Run Build Command(s):/usr/bin/make cmTC_28f4e/fast && /usr/bin/make -f CMakeFiles/cmTC_28f4e.dir/build.make CMakeFiles/cmTC_28f4e.dir/build
make[1]: Entering directory '/home/hit-ices/omz_demos_build/CMakeFiles/CMakeTmp'
Building C object CMakeFiles/cmTC_28f4e.dir/testCCompiler.c.o
/usr/bin/cc    -o CMakeFiles/cmTC_28f4e.dir/testCCompiler.c.o   -c /home/hit-ices/omz_demos_build/CMakeFiles/CMakeTmp/testCCompiler.c
Linking C executable cmTC_28f4e
/usr/bin/cmake -E cmake_link_script CMakeFiles/cmTC_28f4e.dir/link.txt --verbose=1
/usr/bin/cc      CMakeFiles/cmTC_28f4e.dir/testCCompiler.c.o  -o cmTC_28f4e 
make[1]: Leaving directory '/home/hit-ices/omz_demos_build/CMakeFiles/CMakeTmp'



Detecting C compiler ABI info compiled with the following output:
Change Dir: /home/hit-ices/omz_demos_build/CMakeFiles/CMakeTmp

Run Build Command(s):/usr/bin/make cmTC_33f3e/fast && /usr/bin/make -f CMakeFiles/cmTC_33f3e.dir/build.make CMakeFiles/cmTC_33f3e.dir/build
make[1]: Entering directory '/home/hit-ices/omz_demos_build/CMakeFiles/CMakeTmp'
Building C object CMakeFiles/cmTC_33f3e.dir/CMakeCCompilerABI.c.o
/usr/bin/cc   -v -o CMakeFiles/cmTC_33f3e.dir/CMakeCCompilerABI.c.o   -c /usr/share/cmake-3.16/Modules/CMakeCCompilerABI.c
Using built-in specs.
COLLECT_GCC=/usr/bin/cc
Target: arm-linux-gnueabihf
Configured with: ../src/configure -v --with-pkgversion='Ubuntu 9.4.0-1ubuntu1~20.04.1' --with-bugurl=file:///usr/share/doc/gcc-9/README.Bugs --enable-languages=c,ada,c++,go,d,fortran,objc,obj-c++,gm2 --prefix=/usr --with-gcc-major-version-only --program-suffix=-9 --program-prefix=arm-linux-gnueabihf- --enable-shared --enable-linker-build-id --libexecdir=/usr/lib --without-included-gettext --enable-threads=posix --libdir=/usr/lib --enable-nls --enable-clocale=gnu --enable-libstdcxx-debug --enable-libstdcxx-time=yes --with-default-libstdcxx-abi=new --enable-gnu-unique-object --disable-libitm --disable-libquadmath --disable-libquadmath-support --enable-plugin --enable-default-pie --with-system-zlib --with-target-system-zlib=auto --enable-objc-gc=auto --enable-multiarch --enable-multilib --disable-sjlj-exceptions --with-arch=armv7-a --with-fpu=vfpv3-d16 --with-float=hard --with-mode=thumb --disable-werror --enable-multilib --enable-checking=release --build=arm-linux-gnueabihf --host=arm-linux-gnueabihf --target=arm-linux-gnueabihf
Thread model: posix
gcc version 9.4.0 (Ubuntu 9.4.0-1ubuntu1~20.04.1) 
COLLECT_GCC_OPTIONS='-v' '-o' 'CMakeFiles/cmTC_33f3e.dir/CMakeCCompilerABI.c.o' '-c'  '-mfloat-abi=hard' '-mfpu=vfpv3-d16' '-mthumb' '-mtls-dialect=gnu' '-march=armv7-a+fp'
 /usr/lib/gcc/arm-linux-gnueabihf/9/cc1 -quiet -v -imultiarch arm-linux-gnueabihf /usr/share/cmake-3.16/Modules/CMakeCCompilerABI.c -quiet -dumpbase CMakeCCompilerABI.c -mfloat-abi=hard -mfpu=vfpv3-d16 -mthumb -mtls-dialect=gnu -march=armv7-a+fp -auxbase-strip CMakeFiles/cmTC_33f3e.dir/CMakeCCompilerABI.c.o -version -fstack-protector-strong -Wformat -Wformat-security -o /tmp/cc1ZnMXc.s
GNU C17 (Ubuntu 9.4.0-1ubuntu1~20.04.1) version 9.4.0 (arm-linux-gnueabihf)
	compiled by GNU C version 9.4.0, GMP version 6.2.0, MPFR version 4.0.2, MPC version 1.1.0, isl version isl-0.22.1-GMP

GGC heuristics: --param ggc-min-expand=100 --param ggc-min-heapsize=131072
ignoring nonexistent directory "/usr/local/include/arm-linux-gnueabihf"
ignoring nonexistent directory "/usr/lib/gcc/arm-linux-gnueabihf/9/include-fixed"
ignoring nonexistent directory "/usr/lib/gcc/arm-linux-gnueabihf/9/../../../../arm-linux-gnueabihf/include"
#include "..." search starts here:
#include <...> search starts here:
 /usr/lib/gcc/arm-linux-gnueabihf/9/include
 /usr/local/include
 /usr/include/arm-linux-gnueabihf
 /usr/include
End of search list.
GNU C17 (Ubuntu 9.4.0-1ubuntu1~20.04.1) version 9.4.0 (arm-linux-gnueabihf)
	compiled by GNU C version 9.4.0, GMP version 6.2.0, MPFR version 4.0.2, MPC version 1.1.0, isl version isl-0.22.1-GMP

GGC heuristics: --param ggc-min-expand=100 --param ggc-min-heapsize=131072
Compiler executable checksum: 455405e68bc81c92c5adcc27004e2d09
COLLECT_GCC_OPTIONS='-v' '-o' 'CMakeFiles/cmTC_33f3e.dir/CMakeCCompilerABI.c.o' '-c'  '-mfloat-abi=hard' '-mfpu=vfpv3-d16' '-mthumb' '-mtls-dialect=gnu' '-march=armv7-a+fp'
 as -v -march=armv7-a -mfloat-abi=hard -mfpu=vfpv3-d16 -meabi=5 -o CMakeFiles/cmTC_33f3e.dir/CMakeCCompilerABI.c.o /tmp/cc1ZnMXc.s
GNU assembler version 2.34 (arm-linux-gnueabihf) using BFD version (GNU Binutils for Ubuntu) 2.34
COMPILER_PATH=/usr/lib/gcc/arm-linux-gnueabihf/9/:/usr/lib/gcc/arm-linux-gnueabihf/9/:/usr/lib/gcc/arm-linux-gnueabihf/:/usr/lib/gcc/arm-linux-gnueabihf/9/:/usr/lib/gcc/arm-linux-gnueabihf/
LIBRARY_PATH=/usr/lib/gcc/arm-linux-gnueabihf/9/:/usr/lib/gcc/arm-linux-gnueabihf/9/../../../arm-linux-gnueabihf/:/usr/lib/gcc/arm-linux-gnueabihf/9/../../../../lib/:/lib/arm-linux-gnueabihf/:/lib/../lib/:/usr/lib/arm-linux-gnueabihf/:/usr/lib/../lib/:/usr/lib/gcc/arm-linux-gnueabihf/9/../../../:/lib/:/usr/lib/
COLLECT_GCC_OPTIONS='-v' '-o' 'CMakeFiles/cmTC_33f3e.dir/CMakeCCompilerABI.c.o' '-c'  '-mfloat-abi=hard' '-mfpu=vfpv3-d16' '-mthumb' '-mtls-dialect=gnu' '-march=armv7-a+fp'
Linking C executable cmTC_33f3e
/usr/bin/cmake -E cmake_link_script CMakeFiles/cmTC_33f3e.dir/link.txt --verbose=1
/usr/bin/cc     -v CMakeFiles/cmTC_33f3e.dir/CMakeCCompilerABI.c.o  -o cmTC_33f3e 
Using built-in specs.
COLLECT_GCC=/usr/bin/cc
COLLECT_LTO_WRAPPER=/usr/lib/gcc/arm-linux-gnueabihf/9/lto-wrapper
Target: arm-linux-gnueabihf
Configured with: ../src/configure -v --with-pkgversion='Ubuntu 9.4.0-1ubuntu1~20.04.1' --with-bugurl=file:///usr/share/doc/gcc-9/README.Bugs --enable-languages=c,ada,c++,go,d,fortran,objc,obj-c++,gm2 --prefix=/usr --with-gcc-major-version-only --program-suffix=-9 --program-prefix=arm-linux-gnueabihf- --enable-shared --enable-linker-build-id --libexecdir=/usr/lib --without-included-gettext --enable-threads=posix --libdir=/usr/lib --enable-nls --enable-clocale=gnu --enable-libstdcxx-debug --enable-libstdcxx-time=yes --with-default-libstdcxx-abi=new --enable-gnu-unique-object --disable-libitm --disable-libquadmath --disable-libquadmath-support --enable-plugin --enable-default-pie --with-system-zlib --with-target-system-zlib=auto --enable-objc-gc=auto --enable-multiarch --enable-multilib --disable-sjlj-exceptions --with-arch=armv7-a --with-fpu=vfpv3-d16 --with-float=hard --with-mode=thumb --disable-werror --enable-multilib --enable-checking=release --build=arm-linux-gnueabihf --host=arm-linux-gnueabihf --target=arm-linux-gnueabihf
Thread model: posix
gcc version 9.4.0 (Ubuntu 9.4.0-1ubuntu1~20.04.1) 
COMPILER_PATH=/usr/lib/gcc/arm-linux-gnueabihf/9/:/usr/lib/gcc/arm-linux-gnueabihf/9/:/usr/lib/gcc/arm-linux-gnueabihf/:/usr/lib/gcc/arm-linux-gnueabihf/9/:/usr/lib/gcc/arm-linux-gnueabihf/
LIBRARY_PATH=/usr/lib/gcc/arm-linux-gnueabihf/9/:/usr/lib/gcc/arm-linux-gnueabihf/9/../../../arm-linux-gnueabihf/:/usr/lib/gcc/arm-linux-gnueabihf/9/../../../../lib/:/lib/arm-linux-gnueabihf/:/lib/../lib/:/usr/lib/arm-linux-gnueabihf/:/usr/lib/../lib/:/usr/lib/gcc/arm-linux-gnueabihf/9/../../../:/lib/:/usr/lib/
COLLECT_GCC_OPTIONS='-v' '-o' 'cmTC_33f3e'  '-mfloat-abi=hard' '-mfpu=vfpv3-d16' '-mthumb' '-mtls-dialect=gnu' '-march=armv7-a+fp'
 /usr/lib/gcc/arm-linux-gnueabihf/9/collect2 -plugin /usr/lib/gcc/arm-linux-gnueabihf/9/liblto_plugin.so -plugin-opt=/usr/lib/gcc/arm-linux-gnueabihf/9/lto-wrapper -plugin-opt=-fresolution=/tmp/ccGmOsSE.res -plugin-opt=-pass-through=-lgcc -plugin-opt=-pass-through=-lgcc_s -plugin-opt=-pass-through=-lc -plugin-opt=-pass-through=-lgcc -plugin-opt=-pass-through=-lgcc_s --build-id --eh-frame-hdr -dynamic-linker /lib/ld-linux-armhf.so.3 -X --hash-style=gnu --as-needed -m armelf_linux_eabi -pie -z now -z relro -o cmTC_33f3e /usr/lib/gcc/arm-linux-gnueabihf/9/../../../arm-linux-gnueabihf/Scrt1.o /usr/lib/gcc/arm-linux-gnueabihf/9/../../../arm-linux-gnueabihf/crti.o /usr/lib/gcc/arm-linux-gnueabihf/9/crtbeginS.o -L/usr/lib/gcc/arm-linux-gnueabihf/9 -L/usr/lib/gcc/arm-linux-gnueabihf/9/../../../arm-linux-gnueabihf -L/usr/lib/gcc/arm-linux-gnueabihf/9/../../../../lib -L/lib/arm-linux-gnueabihf -L/lib/../lib -L/usr/lib/arm-linux-gnueabihf -L/usr/lib/../lib -L/usr/lib/gcc/arm-linux-gnueabihf/9/../../.. CMakeFiles/cmTC_33f3e.dir/CMakeCCompilerABI.c.o -lgcc --push-state --as-needed -lgcc_s --pop-state -lc -lgcc --push-state --as-needed -lgcc_s --pop-state /usr/lib/gcc/arm-linux-gnueabihf/9/crtendS.o /usr/lib/gcc/arm-linux-gnueabihf/9/../../../arm-linux-gnueabihf/crtn.o
COLLECT_GCC_OPTIONS='-v' '-o' 'cmTC_33f3e'  '-mfloat-abi=hard' '-mfpu=vfpv3-d16' '-mthumb' '-mtls-dialect=gnu' '-march=armv7-a+fp'
make[1]: Leaving directory '/home/hit-ices/omz_demos_build/CMakeFiles/CMakeTmp'



Parsed C implicit include dir info from above output: rv=done
  found start of include info
  found start of implicit include info
    add: [/usr/lib/gcc/arm-linux-gnueabihf/9/include]
    add: [/usr/local/include]
    add: [/usr/include/arm-linux-gnueabihf]
    add: [/usr/include]
  end of search list found
  collapse include dir [/usr/lib/gcc/arm-linux-gnueabihf/9/include] ==> [/usr/lib/gcc/arm-linux-gnueabihf/9/include]
  collapse include dir [/usr/local/include] ==> [/usr/local/include]
  collapse include dir [/usr/include/arm-linux-gnueabihf] ==> [/usr/include/arm-linux-gnueabihf]
  collapse include dir [/usr/include] ==> [/usr/include]
  implicit include dirs: [/usr/lib/gcc/arm-linux-gnueabihf/9/include;/usr/local/include;/usr/include/arm-linux-gnueabihf;/usr/include]


Parsed C implicit link information from above output:
  link line regex: [^( *|.*[/\])(ld|CMAKE_LINK_STARTFILE-NOTFOUND|([^/\]+-)?ld|collect2)[^/\]*( |$)]
  ignore line: [Change Dir: /home/hit-ices/omz_demos_build/CMakeFiles/CMakeTmp]
  ignore line: []
  ignore line: [Run Build Command(s):/usr/bin/make cmTC_33f3e/fast && /usr/bin/make -f CMakeFiles/cmTC_33f3e.dir/build.make CMakeFiles/cmTC_33f3e.dir/build]
  ignore line: [make[1]: Entering directory '/home/hit-ices/omz_demos_build/CMakeFiles/CMakeTmp']
  ignore line: [Building C object CMakeFiles/cmTC_33f3e.dir/CMakeCCompilerABI.c.o]
  ignore line: [/usr/bin/cc   -v -o CMakeFiles/cmTC_33f3e.dir/CMakeCCompilerABI.c.o   -c /usr/share/cmake-3.16/Modules/CMakeCCompilerABI.c]
  ignore line: [Using built-in specs.]
  ignore line: [COLLECT_GCC=/usr/bin/cc]
  ignore line: [Target: arm-linux-gnueabihf]
  ignore line: [Configured with: ../src/configure -v --with-pkgversion='Ubuntu 9.4.0-1ubuntu1~20.04.1' --with-bugurl=file:///usr/share/doc/gcc-9/README.Bugs --enable-languages=c ada c++ go d fortran objc obj-c++ gm2 --prefix=/usr --with-gcc-major-version-only --program-suffix=-9 --program-prefix=arm-linux-gnueabihf- --enable-shared --enable-linker-build-id --libexecdir=/usr/lib --without-included-gettext --enable-threads=posix --libdir=/usr/lib --enable-nls --enable-clocale=gnu --enable-libstdcxx-debug --enable-libstdcxx-time=yes --with-default-libstdcxx-abi=new --enable-gnu-unique-object --disable-libitm --disable-libquadmath --disable-libquadmath-support --enable-plugin --enable-default-pie --with-system-zlib --with-target-system-zlib=auto --enable-objc-gc=auto --enable-multiarch --enable-multilib --disable-sjlj-exceptions --with-arch=armv7-a --with-fpu=vfpv3-d16 --with-float=hard --with-mode=thumb --disable-werror --enable-multilib --enable-checking=release --build=arm-linux-gnueabihf --host=arm-linux-gnueabihf --target=arm-linux-gnueabihf]
  ignore line: [Thread model: posix]
  ignore line: [gcc version 9.4.0 (Ubuntu 9.4.0-1ubuntu1~20.04.1) ]
  ignore line: [COLLECT_GCC_OPTIONS='-v' '-o' 'CMakeFiles/cmTC_33f3e.dir/CMakeCCompilerABI.c.o' '-c'  '-mfloat-abi=hard' '-mfpu=vfpv3-d16' '-mthumb' '-mtls-dialect=gnu' '-march=armv7-a+fp']
  ignore line: [ /usr/lib/gcc/arm-linux-gnueabihf/9/cc1 -quiet -v -imultiarch arm-linux-gnueabihf /usr/share/cmake-3.16/Modules/CMakeCCompilerABI.c -quiet -dumpbase CMakeCCompilerABI.c -mfloat-abi=hard -mfpu=vfpv3-d16 -mthumb -mtls-dialect=gnu -march=armv7-a+fp -auxbase-strip CMakeFiles/cmTC_33f3e.dir/CMakeCCompilerABI.c.o -version -fstack-protector-strong -Wformat -Wformat-security -o /tmp/cc1ZnMXc.s]
  ignore line: [GNU C17 (Ubuntu 9.4.0-1ubuntu1~20.04.1) version 9.4.0 (arm-linux-gnueabihf)]
  ignore line: [	compiled by GNU C version 9.4.0  GMP version 6.2.0  MPFR version 4.0.2  MPC version 1.1.0  isl version isl-0.22.1-GMP]
  ignore line: []
  ignore line: [GGC heuristics: --param ggc-min-expand=100 --param ggc-min-heapsize=131072]
  ignore line: [ignoring nonexistent directory "/usr/local/include/arm-linux-gnueabihf"]
  ignore line: [ignoring nonexistent directory "/usr/lib/gcc/arm-linux-gnueabihf/9/include-fixed"]
  ignore line: [ignoring nonexistent directory "/usr/lib/gcc/arm-linux-gnueabihf/9/../../../../arm-linux-gnueabihf/include"]
  ignore line: [#include "..." search starts here:]
  ignore line: [#include <...> search starts here:]
  ignore line: [ /usr/lib/gcc/arm-linux-gnueabihf/9/include]
  ignore line: [ /usr/local/include]
  ignore line: [ /usr/include/arm-linux-gnueabihf]
  ignore line: [ /usr/include]
  ignore line: [End of search list.]
  ignore line: [GNU C17 (Ubuntu 9.4.0-1ubuntu1~20.04.1) version 9.4.0 (arm-linux-gnueabihf)]
  ignore line: [	compiled by GNU C version 9.4.0  GMP version 6.2.0  MPFR version 4.0.2  MPC version 1.1.0  isl version isl-0.22.1-GMP]
  ignore line: []
  ignore line: [GGC heuristics: --param ggc-min-expand=100 --param ggc-min-heapsize=131072]
  ignore line: [Compiler executable checksum: 455405e68bc81c92c5adcc27004e2d09]
  ignore line: [COLLECT_GCC_OPTIONS='-v' '-o' 'CMakeFiles/cmTC_33f3e.dir/CMakeCCompilerABI.c.o' '-c'  '-mfloat-abi=hard' '-mfpu=vfpv3-d16' '-mthumb' '-mtls-dialect=gnu' '-march=armv7-a+fp']
  ignore line: [ as -v -march=armv7-a -mfloat-abi=hard -mfpu=vfpv3-d16 -meabi=5 -o CMakeFiles/cmTC_33f3e.dir/CMakeCCompilerABI.c.o /tmp/cc1ZnMXc.s]
  ignore line: [GNU assembler version 2.34 (arm-linux-gnueabihf) using BFD version (GNU Binutils for Ubuntu) 2.34]
  ignore line: [COMPILER_PATH=/usr/lib/gcc/arm-linux-gnueabihf/9/:/usr/lib/gcc/arm-linux-gnueabihf/9/:/usr/lib/gcc/arm-linux-gnueabihf/:/usr/lib/gcc/arm-linux-gnueabihf/9/:/usr/lib/gcc/arm-linux-gnueabihf/]
  ignore line: [LIBRARY_PATH=/usr/lib/gcc/arm-linux-gnueabihf/9/:/usr/lib/gcc/arm-linux-gnueabihf/9/../../../arm-linux-gnueabihf/:/usr/lib/gcc/arm-linux-gnueabihf/9/../../../../lib/:/lib/arm-linux-gnueabihf/:/lib/../lib/:/usr/lib/arm-linux-gnueabihf/:/usr/lib/../lib/:/usr/lib/gcc/arm-linux-gnueabihf/9/../../../:/lib/:/usr/lib/]
  ignore line: [COLLECT_GCC_OPTIONS='-v' '-o' 'CMakeFiles/cmTC_33f3e.dir/CMakeCCompilerABI.c.o' '-c'  '-mfloat-abi=hard' '-mfpu=vfpv3-d16' '-mthumb' '-mtls-dialect=gnu' '-march=armv7-a+fp']
  ignore line: [Linking C executable cmTC_33f3e]
  ignore line: [/usr/bin/cmake -E cmake_link_script CMakeFiles/cmTC_33f3e.dir/link.txt --verbose=1]
  ignore line: [/usr/bin/cc     -v CMakeFiles/cmTC_33f3e.dir/CMakeCCompilerABI.c.o  -o cmTC_33f3e ]
  ignore line: [Using built-in specs.]
  ignore line: [COLLECT_GCC=/usr/bin/cc]
  ignore line: [COLLECT_LTO_WRAPPER=/usr/lib/gcc/arm-linux-gnueabihf/9/lto-wrapper]
  ignore line: [Target: arm-linux-gnueabihf]
  ignore line: [Configured with: ../src/configure -v --with-pkgversion='Ubuntu 9.4.0-1ubuntu1~20.04.1' --with-bugurl=file:///usr/share/doc/gcc-9/README.Bugs --enable-languages=c ada c++ go d fortran objc obj-c++ gm2 --prefix=/usr --with-gcc-major-version-only --program-suffix=-9 --program-prefix=arm-linux-gnueabihf- --enable-shared --enable-linker-build-id --libexecdir=/usr/lib --without-included-gettext --enable-threads=posix --libdir=/usr/lib --enable-nls --enable-clocale=gnu --enable-libstdcxx-debug --enable-libstdcxx-time=yes --with-default-libstdcxx-abi=new --enable-gnu-unique-object --disable-libitm --disable-libquadmath --disable-libquadmath-support --enable-plugin --enable-default-pie --with-system-zlib --with-target-system-zlib=auto --enable-objc-gc=auto --enable-multiarch --enable-multilib --disable-sjlj-exceptions --with-arch=armv7-a --with-fpu=vfpv3-d16 --with-float=hard --with-mode=thumb --disable-werror --enable-multilib --enable-checking=release --build=arm-linux-gnueabihf --host=arm-linux-gnueabihf --target=arm-linux-gnueabihf]
  ignore line: [Thread model: posix]
  ignore line: [gcc version 9.4.0 (Ubuntu 9.4.0-1ubuntu1~20.04.1) ]
  ignore line: [COMPILER_PATH=/usr/lib/gcc/arm-linux-gnueabihf/9/:/usr/lib/gcc/arm-linux-gnueabihf/9/:/usr/lib/gcc/arm-linux-gnueabihf/:/usr/lib/gcc/arm-linux-gnueabihf/9/:/usr/lib/gcc/arm-linux-gnueabihf/]
  ignore line: [LIBRARY_PATH=/usr/lib/gcc/arm-linux-gnueabihf/9/:/usr/lib/gcc/arm-linux-gnueabihf/9/../../../arm-linux-gnueabihf/:/usr/lib/gcc/arm-linux-gnueabihf/9/../../../../lib/:/lib/arm-linux-gnueabihf/:/lib/../lib/:/usr/lib/arm-linux-gnueabihf/:/usr/lib/../lib/:/usr/lib/gcc/arm-linux-gnueabihf/9/../../../:/lib/:/usr/lib/]
  ignore line: [COLLECT_GCC_OPTIONS='-v' '-o' 'cmTC_33f3e'  '-mfloat-abi=hard' '-mfpu=vfpv3-d16' '-mthumb' '-mtls-dialect=gnu' '-march=armv7-a+fp']
  link line: [ /usr/lib/gcc/arm-linux-gnueabihf/9/collect2 -plugin /usr/lib/gcc/arm-linux-gnueabihf/9/liblto_plugin.so -plugin-opt=/usr/lib/gcc/arm-linux-gnueabihf/9/lto-wrapper -plugin-opt=-fresolution=/tmp/ccGmOsSE.res -plugin-opt=-pass-through=-lgcc -plugin-opt=-pass-through=-lgcc_s -plugin-opt=-pass-through=-lc -plugin-opt=-pass-through=-lgcc -plugin-opt=-pass-through=-lgcc_s --build-id --eh-frame-hdr -dynamic-linker /lib/ld-linux-armhf.so.3 -X --hash-style=gnu --as-needed -m armelf_linux_eabi -pie -z now -z relro -o cmTC_33f3e /usr/lib/gcc/arm-linux-gnueabihf/9/../../../arm-linux-gnueabihf/Scrt1.o /usr/lib/gcc/arm-linux-gnueabihf/9/../../../arm-linux-gnueabihf/crti.o /usr/lib/gcc/arm-linux-gnueabihf/9/crtbeginS.o -L/usr/lib/gcc/arm-linux-gnueabihf/9 -L/usr/lib/gcc/arm-linux-gnueabihf/9/../../../arm-linux-gnueabihf -L/usr/lib/gcc/arm-linux-gnueabihf/9/../../../../lib -L/lib/arm-linux-gnueabihf -L/lib/../lib -L/usr/lib/arm-linux-gnueabihf -L/usr/lib/../lib -L/usr/lib/gcc/arm-linux-gnueabihf/9/../../.. CMakeFiles/cmTC_33f3e.dir/CMakeCCompilerABI.c.o -lgcc --push-state --as-needed -lgcc_s --pop-state -lc -lgcc --push-state --as-needed -lgcc_s --pop-state /usr/lib/gcc/arm-linux-gnueabihf/9/crtendS.o /usr/lib/gcc/arm-linux-gnueabihf/9/../../../arm-linux-gnueabihf/crtn.o]
    arg [/usr/lib/gcc/arm-linux-gnueabihf/9/collect2] ==> ignore
    arg [-plugin] ==> ignore
    arg [/usr/lib/gcc/arm-linux-gnueabihf/9/liblto_plugin.so] ==> ignore
    arg [-plugin-opt=/usr/lib/gcc/arm-linux-gnueabihf/9/lto-wrapper] ==> ignore
    arg [-plugin-opt=-fresolution=/tmp/ccGmOsSE.res] ==> ignore
    arg [-plugin-opt=-pass-through=-lgcc] ==> ignore
    arg [-plugin-opt=-pass-through=-lgcc_s] ==> ignore
    arg [-plugin-opt=-pass-through=-lc] ==> ignore
    arg [-plugin-opt=-pass-through=-lgcc] ==> ignore
    arg [-plugin-opt=-pass-through=-lgcc_s] ==> ignore
    arg [--build-id] ==> ignore
    arg [--eh-frame-hdr] ==> ignore
    arg [-dynamic-linker] ==> ignore
    arg [/lib/ld-linux-armhf.so.3] ==> ignore
    arg [-X] ==> ignore
    arg [--hash-style=gnu] ==> ignore
    arg [--as-needed] ==> ignore
    arg [-m] ==> ignore
    arg [armelf_linux_eabi] ==> ignore
    arg [-pie] ==> ignore
    arg [-znow] ==> ignore
    arg [-zrelro] ==> ignore
    arg [-o] ==> ignore
    arg [cmTC_33f3e] ==> ignore
    arg [/usr/lib/gcc/arm-linux-gnueabihf/9/../../../arm-linux-gnueabihf/Scrt1.o] ==> ignore
    arg [/usr/lib/gcc/arm-linux-gnueabihf/9/../../../arm-linux-gnueabihf/crti.o] ==> ignore
    arg [/usr/lib/gcc/arm-linux-gnueabihf/9/crtbeginS.o] ==> ignore
    arg [-L/usr/lib/gcc/arm-linux-gnueabihf/9] ==> dir [/usr/lib/gcc/arm-linux-gnueabihf/9]
    arg [-L/usr/lib/gcc/arm-linux-gnueabihf/9/../../../arm-linux-gnueabihf] ==> dir [/usr/lib/gcc/arm-linux-gnueabihf/9/../../../arm-linux-gnueabihf]
    arg [-L/usr/lib/gcc/arm-linux-gnueabihf/9/../../../../lib] ==> dir [/usr/lib/gcc/arm-linux-gnueabihf/9/../../../../lib]
    arg [-L/lib/arm-linux-gnueabihf] ==> dir [/lib/arm-linux-gnueabihf]
    arg [-L/lib/../lib] ==> dir [/lib/../lib]
    arg [-L/usr/lib/arm-linux-gnueabihf] ==> dir [/usr/lib/arm-linux-gnueabihf]
    arg [-L/usr/lib/../lib] ==> dir [/usr/lib/../lib]
    arg [-L/usr/lib/gcc/arm-linux-gnueabihf/9/../../..] ==> dir [/usr/lib/gcc/arm-linux-gnueabihf/9/../../..]
    arg [CMakeFiles/cmTC_33f3e.dir/CMakeCCompilerABI.c.o] ==> ignore
    arg [-lgcc] ==> lib [gcc]
    arg [--push-state] ==> ignore
    arg [--as-needed] ==> ignore
    arg [-lgcc_s] ==> lib [gcc_s]
    arg [--pop-state] ==> ignore
    arg [-lc] ==> lib [c]
    arg [-lgcc] ==> lib [gcc]
    arg [--push-state] ==> ignore
    arg [--as-needed] ==> ignore
    arg [-lgcc_s] ==> lib [gcc_s]
    arg [--pop-state] ==> ignore
    arg [/usr/lib/gcc/arm-linux-gnueabihf/9/crtendS.o] ==> ignore
    arg [/usr/lib/gcc/arm-linux-gnueabihf/9/../../../arm-linux-gnueabihf/crtn.o] ==> ignore
  collapse library dir [/usr/lib/gcc/arm-linux-gnueabihf/9] ==> [/usr/lib/gcc/arm-linux-gnueabihf/9]
  collapse library dir [/usr/lib/gcc/arm-linux-gnueabihf/9/../../../arm-linux-gnueabihf] ==> [/usr/lib/arm-linux-gnueabihf]
  collapse library dir [/usr/lib/gcc/arm-linux-gnueabihf/9/../../../../lib] ==> [/usr/lib]
  collapse library dir [/lib/arm-linux-gnueabihf] ==> [/lib/arm-linux-gnueabihf]
  collapse library dir [/lib/../lib] ==> [/lib]
  collapse library dir [/usr/lib/arm-linux-gnueabihf] ==> [/usr/lib/arm-linux-gnueabihf]
  collapse library dir [/usr/lib/../lib] ==> [/usr/lib]
  collapse library dir [/usr/lib/gcc/arm-linux-gnueabihf/9/../../..] ==> [/usr/lib]
  implicit libs: [gcc;gcc_s;c;gcc;gcc_s]
  implicit dirs: [/usr/lib/gcc/arm-linux-gnueabihf/9;/usr/lib/arm-linux-gnueabihf;/usr/lib;/lib/arm-linux-gnueabihf;/lib]
  implicit fwks: []


Determining if the CXX compiler works passed with the following output:
Change Dir: /home/hit-ices/omz_demos_build/CMakeFiles/CMakeTmp

Run Build Command(s):/usr/bin/make cmTC_bdb9a/fast && /usr/bin/make -f CMakeFiles/cmTC_bdb9a.dir/build.make CMakeFiles/cmTC_bdb9a.dir/build
make[1]: Entering directory '/home/hit-ices/omz_demos_build/CMakeFiles/CMakeTmp'
Building CXX object CMakeFiles/cmTC_bdb9a.dir/testCXXCompiler.cxx.o
/usr/bin/c++     -o CMakeFiles/cmTC_bdb9a.dir/testCXXCompiler.cxx.o -c /home/hit-ices/omz_demos_build/CMakeFiles/CMakeTmp/testCXXCompiler.cxx
Linking CXX executable cmTC_bdb9a
/usr/bin/cmake -E cmake_link_script CMakeFiles/cmTC_bdb9a.dir/link.txt --verbose=1
/usr/bin/c++       CMakeFiles/cmTC_bdb9a.dir/testCXXCompiler.cxx.o  -o cmTC_bdb9a 
make[1]: Leaving directory '/home/hit-ices/omz_demos_build/CMakeFiles/CMakeTmp'



Detecting CXX compiler ABI info compiled with the following output:
Change Dir: /home/hit-ices/omz_demos_build/CMakeFiles/CMakeTmp

Run Build Command(s):/usr/bin/make cmTC_6c57f/fast && /usr/bin/make -f CMakeFiles/cmTC_6c57f.dir/build.make CMakeFiles/cmTC_6c57f.dir/build
make[1]: Entering directory '/home/hit-ices/omz_demos_build/CMakeFiles/CMakeTmp'
Building CXX object CMakeFiles/cmTC_6c57f.dir/CMakeCXXCompilerABI.cpp.o
/usr/bin/c++    -v -o CMakeFiles/cmTC_6c57f.dir/CMakeCXXCompilerABI.cpp.o -c /usr/share/cmake-3.16/Modules/CMakeCXXCompilerABI.cpp
Using built-in specs.
COLLECT_GCC=/usr/bin/c++
Target: arm-linux-gnueabihf
Configured with: ../src/configure -v --with-pkgversion='Ubuntu 9.4.0-1ubuntu1~20.04.1' --with-bugurl=file:///usr/share/doc/gcc-9/README.Bugs --enable-languages=c,ada,c++,go,d,fortran,objc,obj-c++,gm2 --prefix=/usr --with-gcc-major-version-only --program-suffix=-9 --program-prefix=arm-linux-gnueabihf- --enable-shared --enable-linker-build-id --libexecdir=/usr/lib --without-included-gettext --enable-threads=posix --libdir=/usr/lib --enable-nls --enable-clocale=gnu --enable-libstdcxx-debug --enable-libstdcxx-time=yes --with-default-libstdcxx-abi=new --enable-gnu-unique-object --disable-libitm --disable-libquadmath --disable-libquadmath-support --enable-plugin --enable-default-pie --with-system-zlib --with-target-system-zlib=auto --enable-objc-gc=auto --enable-multiarch --enable-multilib --disable-sjlj-exceptions --with-arch=armv7-a --with-fpu=vfpv3-d16 --with-float=hard --with-mode=thumb --disable-werror --enable-multilib --enable-checking=release --build=arm-linux-gnueabihf --host=arm-linux-gnueabihf --target=arm-linux-gnueabihf
Thread model: posix
gcc version 9.4.0 (Ubuntu 9.4.0-1ubuntu1~20.04.1) 
COLLECT_GCC_OPTIONS='-v' '-o' 'CMakeFiles/cmTC_6c57f.dir/CMakeCXXCompilerABI.cpp.o' '-c' '-shared-libgcc'  '-mfloat-abi=hard' '-mfpu=vfpv3-d16' '-mthumb' '-mtls-dialect=gnu' '-march=armv7-a+fp'
 /usr/lib/gcc/arm-linux-gnueabihf/9/cc1plus -quiet -v -imultiarch arm-linux-gnueabihf -D_GNU_SOURCE /usr/share/cmake-3.16/Modules/CMakeCXXCompilerABI.cpp -quiet -dumpbase CMakeCXXCompilerABI.cpp -mfloat-abi=hard -mfpu=vfpv3-d16 -mthumb -mtls-dialect=gnu -march=armv7-a+fp -auxbase-strip CMakeFiles/cmTC_6c57f.dir/CMakeCXXCompilerABI.cpp.o -version -fstack-protector-strong -Wformat -Wformat-security -o /tmp/ccVay4Va.s
GNU C++14 (Ubuntu 9.4.0-1ubuntu1~20.04.1) version 9.4.0 (arm-linux-gnueabihf)
	compiled by GNU C version 9.4.0, GMP version 6.2.0, MPFR version 4.0.2, MPC version 1.1.0, isl version isl-0.22.1-GMP

GGC heuristics: --param ggc-min-expand=100 --param ggc-min-heapsize=131072
ignoring duplicate directory "/usr/include/arm-linux-gnueabihf/c++/9"
ignoring nonexistent directory "/usr/local/include/arm-linux-gnueabihf"
ignoring nonexistent directory "/usr/lib/gcc/arm-linux-gnueabihf/9/include-fixed"
ignoring nonexistent directory "/usr/lib/gcc/arm-linux-gnueabihf/9/../../../../arm-linux-gnueabihf/include"
#include "..." search starts here:
#include <...> search starts here:
 /usr/include/c++/9
 /usr/include/arm-linux-gnueabihf/c++/9
 /usr/include/c++/9/backward
 /usr/lib/gcc/arm-linux-gnueabihf/9/include
 /usr/local/include
 /usr/include/arm-linux-gnueabihf
 /usr/include
End of search list.
GNU C++14 (Ubuntu 9.4.0-1ubuntu1~20.04.1) version 9.4.0 (arm-linux-gnueabihf)
	compiled by GNU C version 9.4.0, GMP version 6.2.0, MPFR version 4.0.2, MPC version 1.1.0, isl version isl-0.22.1-GMP

GGC heuristics: --param ggc-min-expand=100 --param ggc-min-heapsize=131072
Compiler executable checksum: 79258f4a834a51cd967b9b928b0caa37
COLLECT_GCC_OPTIONS='-v' '-o' 'CMakeFiles/cmTC_6c57f.dir/CMakeCXXCompilerABI.cpp.o' '-c' '-shared-libgcc'  '-mfloat-abi=hard' '-mfpu=vfpv3-d16' '-mthumb' '-mtls-dialect=gnu' '-march=armv7-a+fp'
 as -v -march=armv7-a -mfloat-abi=hard -mfpu=vfpv3-d16 -meabi=5 -o CMakeFiles/cmTC_6c57f.dir/CMakeCXXCompilerABI.cpp.o /tmp/ccVay4Va.s
GNU assembler version 2.34 (arm-linux-gnueabihf) using BFD version (GNU Binutils for Ubuntu) 2.34
COMPILER_PATH=/usr/lib/gcc/arm-linux-gnueabihf/9/:/usr/lib/gcc/arm-linux-gnueabihf/9/:/usr/lib/gcc/arm-linux-gnueabihf/:/usr/lib/gcc/arm-linux-gnueabihf/9/:/usr/lib/gcc/arm-linux-gnueabihf/
LIBRARY_PATH=/usr/lib/gcc/arm-linux-gnueabihf/9/:/usr/lib/gcc/arm-linux-gnueabihf/9/../../../arm-linux-gnueabihf/:/usr/lib/gcc/arm-linux-gnueabihf/9/../../../../lib/:/lib/arm-linux-gnueabihf/:/lib/../lib/:/usr/lib/arm-linux-gnueabihf/:/usr/lib/../lib/:/usr/lib/gcc/arm-linux-gnueabihf/9/../../../:/lib/:/usr/lib/
COLLECT_GCC_OPTIONS='-v' '-o' 'CMakeFiles/cmTC_6c57f.dir/CMakeCXXCompilerABI.cpp.o' '-c' '-shared-libgcc'  '-mfloat-abi=hard' '-mfpu=vfpv3-d16' '-mthumb' '-mtls-dialect=gnu' '-march=armv7-a+fp'
Linking CXX executable cmTC_6c57f
/usr/bin/cmake -E cmake_link_script CMakeFiles/cmTC_6c57f.dir/link.txt --verbose=1
/usr/bin/c++      -v CMakeFiles/cmTC_6c57f.dir/CMakeCXXCompilerABI.cpp.o  -o cmTC_6c57f 
Using built-in specs.
COLLECT_GCC=/usr/bin/c++
COLLECT_LTO_WRAPPER=/usr/lib/gcc/arm-linux-gnueabihf/9/lto-wrapper
Target: arm-linux-gnueabihf
Configured with: ../src/configure -v --with-pkgversion='Ubuntu 9.4.0-1ubuntu1~20.04.1' --with-bugurl=file:///usr/share/doc/gcc-9/README.Bugs --enable-languages=c,ada,c++,go,d,fortran,objc,obj-c++,gm2 --prefix=/usr --with-gcc-major-version-only --program-suffix=-9 --program-prefix=arm-linux-gnueabihf- --enable-shared --enable-linker-build-id --libexecdir=/usr/lib --without-included-gettext --enable-threads=posix --libdir=/usr/lib --enable-nls --enable-clocale=gnu --enable-libstdcxx-debug --enable-libstdcxx-time=yes --with-default-libstdcxx-abi=new --enable-gnu-unique-object --disable-libitm --disable-libquadmath --disable-libquadmath-support --enable-plugin --enable-default-pie --with-system-zlib --with-target-system-zlib=auto --enable-objc-gc=auto --enable-multiarch --enable-multilib --disable-sjlj-exceptions --with-arch=armv7-a --with-fpu=vfpv3-d16 --with-float=hard --with-mode=thumb --disable-werror --enable-multilib --enable-checking=release --build=arm-linux-gnueabihf --host=arm-linux-gnueabihf --target=arm-linux-gnueabihf
Thread model: posix
gcc version 9.4.0 (Ubuntu 9.4.0-1ubuntu1~20.04.1) 
COMPILER_PATH=/usr/lib/gcc/arm-linux-gnueabihf/9/:/usr/lib/gcc/arm-linux-gnueabihf/9/:/usr/lib/gcc/arm-linux-gnueabihf/:/usr/lib/gcc/arm-linux-gnueabihf/9/:/usr/lib/gcc/arm-linux-gnueabihf/
LIBRARY_PATH=/usr/lib/gcc/arm-linux-gnueabihf/9/:/usr/lib/gcc/arm-linux-gnueabihf/9/../../../arm-linux-gnueabihf/:/usr/lib/gcc/arm-linux-gnueabihf/9/../../../../lib/:/lib/arm-linux-gnueabihf/:/lib/../lib/:/usr/lib/arm-linux-gnueabihf/:/usr/lib/../lib/:/usr/lib/gcc/arm-linux-gnueabihf/9/../../../:/lib/:/usr/lib/
COLLECT_GCC_OPTIONS='-v' '-o' 'cmTC_6c57f' '-shared-libgcc'  '-mfloat-abi=hard' '-mfpu=vfpv3-d16' '-mthumb' '-mtls-dialect=gnu' '-march=armv7-a+fp'
 /usr/lib/gcc/arm-linux-gnueabihf/9/collect2 -plugin /usr/lib/gcc/arm-linux-gnueabihf/9/liblto_plugin.so -plugin-opt=/usr/lib/gcc/arm-linux-gnueabihf/9/lto-wrapper -plugin-opt=-fresolution=/tmp/cc9fx59E.res -plugin-opt=-pass-through=-lgcc_s -plugin-opt=-pass-through=-lgcc -plugin-opt=-pass-through=-lc -plugin-opt=-pass-through=-lgcc_s -plugin-opt=-pass-through=-lgcc --build-id --eh-frame-hdr -dynamic-linker /lib/ld-linux-armhf.so.3 -X --hash-style=gnu --as-needed -m armelf_linux_eabi -pie -z now -z relro -o cmTC_6c57f /usr/lib/gcc/arm-linux-gnueabihf/9/../../../arm-linux-gnueabihf/Scrt1.o /usr/lib/gcc/arm-linux-gnueabihf/9/../../../arm-linux-gnueabihf/crti.o /usr/lib/gcc/arm-linux-gnueabihf/9/crtbeginS.o -L/usr/lib/gcc/arm-linux-gnueabihf/9 -L/usr/lib/gcc/arm-linux-gnueabihf/9/../../../arm-linux-gnueabihf -L/usr/lib/gcc/arm-linux-gnueabihf/9/../../../../lib -L/lib/arm-linux-gnueabihf -L/lib/../lib -L/usr/lib/arm-linux-gnueabihf -L/usr/lib/../lib -L/usr/lib/gcc/arm-linux-gnueabihf/9/../../.. CMakeFiles/cmTC_6c57f.dir/CMakeCXXCompilerABI.cpp.o -lstdc++ -lm -lgcc_s -lgcc -lc -lgcc_s -lgcc /usr/lib/gcc/arm-linux-gnueabihf/9/crtendS.o /usr/lib/gcc/arm-linux-gnueabihf/9/../../../arm-linux-gnueabihf/crtn.o
COLLECT_GCC_OPTIONS='-v' '-o' 'cmTC_6c57f' '-shared-libgcc'  '-mfloat-abi=hard' '-mfpu=vfpv3-d16' '-mthumb' '-mtls-dialect=gnu' '-march=armv7-a+fp'
make[1]: Leaving directory '/home/hit-ices/omz_demos_build/CMakeFiles/CMakeTmp'



Parsed CXX implicit include dir info from above output: rv=done
  found start of include info
  found start of implicit include info
    add: [/usr/include/c++/9]
    add: [/usr/include/arm-linux-gnueabihf/c++/9]
    add: [/usr/include/c++/9/backward]
    add: [/usr/lib/gcc/arm-linux-gnueabihf/9/include]
    add: [/usr/local/include]
    add: [/usr/include/arm-linux-gnueabihf]
    add: [/usr/include]
  end of search list found
  collapse include dir [/usr/include/c++/9] ==> [/usr/include/c++/9]
  collapse include dir [/usr/include/arm-linux-gnueabihf/c++/9] ==> [/usr/include/arm-linux-gnueabihf/c++/9]
  collapse include dir [/usr/include/c++/9/backward] ==> [/usr/include/c++/9/backward]
  collapse include dir [/usr/lib/gcc/arm-linux-gnueabihf/9/include] ==> [/usr/lib/gcc/arm-linux-gnueabihf/9/include]
  collapse include dir [/usr/local/include] ==> [/usr/local/include]
  collapse include dir [/usr/include/arm-linux-gnueabihf] ==> [/usr/include/arm-linux-gnueabihf]
  collapse include dir [/usr/include] ==> [/usr/include]
  implicit include dirs: [/usr/include/c++/9;/usr/include/arm-linux-gnueabihf/c++/9;/usr/include/c++/9/backward;/usr/lib/gcc/arm-linux-gnueabihf/9/include;/usr/local/include;/usr/include/arm-linux-gnueabihf;/usr/include]


Parsed CXX implicit link information from above output:
  link line regex: [^( *|.*[/\])(ld|CMAKE_LINK_STARTFILE-NOTFOUND|([^/\]+-)?ld|collect2)[^/\]*( |$)]
  ignore line: [Change Dir: /home/hit-ices/omz_demos_build/CMakeFiles/CMakeTmp]
  ignore line: []
  ignore line: [Run Build Command(s):/usr/bin/make cmTC_6c57f/fast && /usr/bin/make -f CMakeFiles/cmTC_6c57f.dir/build.make CMakeFiles/cmTC_6c57f.dir/build]
  ignore line: [make[1]: Entering directory '/home/hit-ices/omz_demos_build/CMakeFiles/CMakeTmp']
  ignore line: [Building CXX object CMakeFiles/cmTC_6c57f.dir/CMakeCXXCompilerABI.cpp.o]
  ignore line: [/usr/bin/c++    -v -o CMakeFiles/cmTC_6c57f.dir/CMakeCXXCompilerABI.cpp.o -c /usr/share/cmake-3.16/Modules/CMakeCXXCompilerABI.cpp]
  ignore line: [Using built-in specs.]
  ignore line: [COLLECT_GCC=/usr/bin/c++]
  ignore line: [Target: arm-linux-gnueabihf]
  ignore line: [Configured with: ../src/configure -v --with-pkgversion='Ubuntu 9.4.0-1ubuntu1~20.04.1' --with-bugurl=file:///usr/share/doc/gcc-9/README.Bugs --enable-languages=c ada c++ go d fortran objc obj-c++ gm2 --prefix=/usr --with-gcc-major-version-only --program-suffix=-9 --program-prefix=arm-linux-gnueabihf- --enable-shared --enable-linker-build-id --libexecdir=/usr/lib --without-included-gettext --enable-threads=posix --libdir=/usr/lib --enable-nls --enable-clocale=gnu --enable-libstdcxx-debug --enable-libstdcxx-time=yes --with-default-libstdcxx-abi=new --enable-gnu-unique-object --disable-libitm --disable-libquadmath --disable-libquadmath-support --enable-plugin --enable-default-pie --with-system-zlib --with-target-system-zlib=auto --enable-objc-gc=auto --enable-multiarch --enable-multilib --disable-sjlj-exceptions --with-arch=armv7-a --with-fpu=vfpv3-d16 --with-float=hard --with-mode=thumb --disable-werror --enable-multilib --enable-checking=release --build=arm-linux-gnueabihf --host=arm-linux-gnueabihf --target=arm-linux-gnueabihf]
  ignore line: [Thread model: posix]
  ignore line: [gcc version 9.4.0 (Ubuntu 9.4.0-1ubuntu1~20.04.1) ]
  ignore line: [COLLECT_GCC_OPTIONS='-v' '-o' 'CMakeFiles/cmTC_6c57f.dir/CMakeCXXCompilerABI.cpp.o' '-c' '-shared-libgcc'  '-mfloat-abi=hard' '-mfpu=vfpv3-d16' '-mthumb' '-mtls-dialect=gnu' '-march=armv7-a+fp']
  ignore line: [ /usr/lib/gcc/arm-linux-gnueabihf/9/cc1plus -quiet -v -imultiarch arm-linux-gnueabihf -D_GNU_SOURCE /usr/share/cmake-3.16/Modules/CMakeCXXCompilerABI.cpp -quiet -dumpbase CMakeCXXCompilerABI.cpp -mfloat-abi=hard -mfpu=vfpv3-d16 -mthumb -mtls-dialect=gnu -march=armv7-a+fp -auxbase-strip CMakeFiles/cmTC_6c57f.dir/CMakeCXXCompilerABI.cpp.o -version -fstack-protector-strong -Wformat -Wformat-security -o /tmp/ccVay4Va.s]
  ignore line: [GNU C++14 (Ubuntu 9.4.0-1ubuntu1~20.04.1) version 9.4.0 (arm-linux-gnueabihf)]
  ignore line: [	compiled by GNU C version 9.4.0  GMP version 6.2.0  MPFR version 4.0.2  MPC version 1.1.0  isl version isl-0.22.1-GMP]
  ignore line: []
  ignore line: [GGC heuristics: --param ggc-min-expand=100 --param ggc-min-heapsize=131072]
  ignore line: [ignoring duplicate directory "/usr/include/arm-linux-gnueabihf/c++/9"]
  ignore line: [ignoring nonexistent directory "/usr/local/include/arm-linux-gnueabihf"]
  ignore line: [ignoring nonexistent directory "/usr/lib/gcc/arm-linux-gnueabihf/9/include-fixed"]
  ignore line: [ignoring nonexistent directory "/usr/lib/gcc/arm-linux-gnueabihf/9/../../../../arm-linux-gnueabihf/include"]
  ignore line: [#include "..." search starts here:]
  ignore line: [#include <...> search starts here:]
  ignore line: [ /usr/include/c++/9]
  ignore line: [ /usr/include/arm-linux-gnueabihf/c++/9]
  ignore line: [ /usr/include/c++/9/backward]
  ignore line: [ /usr/lib/gcc/arm-linux-gnueabihf/9/include]
  ignore line: [ /usr/local/include]
  ignore line: [ /usr/include/arm-linux-gnueabihf]
  ignore line: [ /usr/include]
  ignore line: [End of search list.]
  ignore line: [GNU C++14 (Ubuntu 9.4.0-1ubuntu1~20.04.1) version 9.4.0 (arm-linux-gnueabihf)]
  ignore line: [	compiled by GNU C version 9.4.0  GMP version 6.2.0  MPFR version 4.0.2  MPC version 1.1.0  isl version isl-0.22.1-GMP]
  ignore line: []
  ignore line: [GGC heuristics: --param ggc-min-expand=100 --param ggc-min-heapsize=131072]
  ignore line: [Compiler executable checksum: 79258f4a834a51cd967b9b928b0caa37]
  ignore line: [COLLECT_GCC_OPTIONS='-v' '-o' 'CMakeFiles/cmTC_6c57f.dir/CMakeCXXCompilerABI.cpp.o' '-c' '-shared-libgcc'  '-mfloat-abi=hard' '-mfpu=vfpv3-d16' '-mthumb' '-mtls-dialect=gnu' '-march=armv7-a+fp']
  ignore line: [ as -v -march=armv7-a -mfloat-abi=hard -mfpu=vfpv3-d16 -meabi=5 -o CMakeFiles/cmTC_6c57f.dir/CMakeCXXCompilerABI.cpp.o /tmp/ccVay4Va.s]
  ignore line: [GNU assembler version 2.34 (arm-linux-gnueabihf) using BFD version (GNU Binutils for Ubuntu) 2.34]
  ignore line: [COMPILER_PATH=/usr/lib/gcc/arm-linux-gnueabihf/9/:/usr/lib/gcc/arm-linux-gnueabihf/9/:/usr/lib/gcc/arm-linux-gnueabihf/:/usr/lib/gcc/arm-linux-gnueabihf/9/:/usr/lib/gcc/arm-linux-gnueabihf/]
  ignore line: [LIBRARY_PATH=/usr/lib/gcc/arm-linux-gnueabihf/9/:/usr/lib/gcc/arm-linux-gnueabihf/9/../../../arm-linux-gnueabihf/:/usr/lib/gcc/arm-linux-gnueabihf/9/../../../../lib/:/lib/arm-linux-gnueabihf/:/lib/../lib/:/usr/lib/arm-linux-gnueabihf/:/usr/lib/../lib/:/usr/lib/gcc/arm-linux-gnueabihf/9/../../../:/lib/:/usr/lib/]
  ignore line: [COLLECT_GCC_OPTIONS='-v' '-o' 'CMakeFiles/cmTC_6c57f.dir/CMakeCXXCompilerABI.cpp.o' '-c' '-shared-libgcc'  '-mfloat-abi=hard' '-mfpu=vfpv3-d16' '-mthumb' '-mtls-dialect=gnu' '-march=armv7-a+fp']
  ignore line: [Linking CXX executable cmTC_6c57f]
  ignore line: [/usr/bin/cmake -E cmake_link_script CMakeFiles/cmTC_6c57f.dir/link.txt --verbose=1]
  ignore line: [/usr/bin/c++      -v CMakeFiles/cmTC_6c57f.dir/CMakeCXXCompilerABI.cpp.o  -o cmTC_6c57f ]
  ignore line: [Using built-in specs.]
  ignore line: [COLLECT_GCC=/usr/bin/c++]
  ignore line: [COLLECT_LTO_WRAPPER=/usr/lib/gcc/arm-linux-gnueabihf/9/lto-wrapper]
  ignore line: [Target: arm-linux-gnueabihf]
  ignore line: [Configured with: ../src/configure -v --with-pkgversion='Ubuntu 9.4.0-1ubuntu1~20.04.1' --with-bugurl=file:///usr/share/doc/gcc-9/README.Bugs --enable-languages=c ada c++ go d fortran objc obj-c++ gm2 --prefix=/usr --with-gcc-major-version-only --program-suffix=-9 --program-prefix=arm-linux-gnueabihf- --enable-shared --enable-linker-build-id --libexecdir=/usr/lib --without-included-gettext --enable-threads=posix --libdir=/usr/lib --enable-nls --enable-clocale=gnu --enable-libstdcxx-debug --enable-libstdcxx-time=yes --with-default-libstdcxx-abi=new --enable-gnu-unique-object --disable-libitm --disable-libquadmath --disable-libquadmath-support --enable-plugin --enable-default-pie --with-system-zlib --with-target-system-zlib=auto --enable-objc-gc=auto --enable-multiarch --enable-multilib --disable-sjlj-exceptions --with-arch=armv7-a --with-fpu=vfpv3-d16 --with-float=hard --with-mode=thumb --disable-werror --enable-multilib --enable-checking=release --build=arm-linux-gnueabihf --host=arm-linux-gnueabihf --target=arm-linux-gnueabihf]
  ignore line: [Thread model: posix]
  ignore line: [gcc version 9.4.0 (Ubuntu 9.4.0-1ubuntu1~20.04.1) ]
  ignore line: [COMPILER_PATH=/usr/lib/gcc/arm-linux-gnueabihf/9/:/usr/lib/gcc/arm-linux-gnueabihf/9/:/usr/lib/gcc/arm-linux-gnueabihf/:/usr/lib/gcc/arm-linux-gnueabihf/9/:/usr/lib/gcc/arm-linux-gnueabihf/]
  ignore line: [LIBRARY_PATH=/usr/lib/gcc/arm-linux-gnueabihf/9/:/usr/lib/gcc/arm-linux-gnueabihf/9/../../../arm-linux-gnueabihf/:/usr/lib/gcc/arm-linux-gnueabihf/9/../../../../lib/:/lib/arm-linux-gnueabihf/:/lib/../lib/:/usr/lib/arm-linux-gnueabihf/:/usr/lib/../lib/:/usr/lib/gcc/arm-linux-gnueabihf/9/../../../:/lib/:/usr/lib/]
  ignore line: [COLLECT_GCC_OPTIONS='-v' '-o' 'cmTC_6c57f' '-shared-libgcc'  '-mfloat-abi=hard' '-mfpu=vfpv3-d16' '-mthumb' '-mtls-dialect=gnu' '-march=armv7-a+fp']
  link line: [ /usr/lib/gcc/arm-linux-gnueabihf/9/collect2 -plugin /usr/lib/gcc/arm-linux-gnueabihf/9/liblto_plugin.so -plugin-opt=/usr/lib/gcc/arm-linux-gnueabihf/9/lto-wrapper -plugin-opt=-fresolution=/tmp/cc9fx59E.res -plugin-opt=-pass-through=-lgcc_s -plugin-opt=-pass-through=-lgcc -plugin-opt=-pass-through=-lc -plugin-opt=-pass-through=-lgcc_s -plugin-opt=-pass-through=-lgcc --build-id --eh-frame-hdr -dynamic-linker /lib/ld-linux-armhf.so.3 -X --hash-style=gnu --as-needed -m armelf_linux_eabi -pie -z now -z relro -o cmTC_6c57f /usr/lib/gcc/arm-linux-gnueabihf/9/../../../arm-linux-gnueabihf/Scrt1.o /usr/lib/gcc/arm-linux-gnueabihf/9/../../../arm-linux-gnueabihf/crti.o /usr/lib/gcc/arm-linux-gnueabihf/9/crtbeginS.o -L/usr/lib/gcc/arm-linux-gnueabihf/9 -L/usr/lib/gcc/arm-linux-gnueabihf/9/../../../arm-linux-gnueabihf -L/usr/lib/gcc/arm-linux-gnueabihf/9/../../../../lib -L/lib/arm-linux-gnueabihf -L/lib/../lib -L/usr/lib/arm-linux-gnueabihf -L/usr/lib/../lib -L/usr/lib/gcc/arm-linux-gnueabihf/9/../../.. CMakeFiles/cmTC_6c57f.dir/CMakeCXXCompilerABI.cpp.o -lstdc++ -lm -lgcc_s -lgcc -lc -lgcc_s -lgcc /usr/lib/gcc/arm-linux-gnueabihf/9/crtendS.o /usr/lib/gcc/arm-linux-gnueabihf/9/../../../arm-linux-gnueabihf/crtn.o]
    arg [/usr/lib/gcc/arm-linux-gnueabihf/9/collect2] ==> ignore
    arg [-plugin] ==> ignore
    arg [/usr/lib/gcc/arm-linux-gnueabihf/9/liblto_plugin.so] ==> ignore
    arg [-plugin-opt=/usr/lib/gcc/arm-linux-gnueabihf/9/lto-wrapper] ==> ignore
    arg [-plugin-opt=-fresolution=/tmp/cc9fx59E.res] ==> ignore
    arg [-plugin-opt=-pass-through=-lgcc_s] ==> ignore
    arg [-plugin-opt=-pass-through=-lgcc] ==> ignore
    arg [-plugin-opt=-pass-through=-lc] ==> ignore
    arg [-plugin-opt=-pass-through=-lgcc_s] ==> ignore
    arg [-plugin-opt=-pass-through=-lgcc] ==> ignore
    arg [--build-id] ==> ignore
    arg [--eh-frame-hdr] ==> ignore
    arg [-dynamic-linker] ==> ignore
    arg [/lib/ld-linux-armhf.so.3] ==> ignore
    arg [-X] ==> ignore
    arg [--hash-style=gnu] ==> ignore
    arg [--as-needed] ==> ignore
    arg [-m] ==> ignore
    arg [armelf_linux_eabi] ==> ignore
    arg [-pie] ==> ignore
    arg [-znow] ==> ignore
    arg [-zrelro] ==> ignore
    arg [-o] ==> ignore
    arg [cmTC_6c57f] ==> ignore
    arg [/usr/lib/gcc/arm-linux-gnueabihf/9/../../../arm-linux-gnueabihf/Scrt1.o] ==> ignore
    arg [/usr/lib/gcc/arm-linux-gnueabihf/9/../../../arm-linux-gnueabihf/crti.o] ==> ignore
    arg [/usr/lib/gcc/arm-linux-gnueabihf/9/crtbeginS.o] ==> ignore
    arg [-L/usr/lib/gcc/arm-linux-gnueabihf/9] ==> dir [/usr/lib/gcc/arm-linux-gnueabihf/9]
    arg [-L/usr/lib/gcc/arm-linux-gnueabihf/9/../../../arm-linux-gnueabihf] ==> dir [/usr/lib/gcc/arm-linux-gnueabihf/9/../../../arm-linux-gnueabihf]
    arg [-L/usr/lib/gcc/arm-linux-gnueabihf/9/../../../../lib] ==> dir [/usr/lib/gcc/arm-linux-gnueabihf/9/../../../../lib]
    arg [-L/lib/arm-linux-gnueabihf] ==> dir [/lib/arm-linux-gnueabihf]
    arg [-L/lib/../lib] ==> dir [/lib/../lib]
    arg [-L/usr/lib/arm-linux-gnueabihf] ==> dir [/usr/lib/arm-linux-gnueabihf]
    arg [-L/usr/lib/../lib] ==> dir [/usr/lib/../lib]
    arg [-L/usr/lib/gcc/arm-linux-gnueabihf/9/../../..] ==> dir [/usr/lib/gcc/arm-linux-gnueabihf/9/../../..]
    arg [CMakeFiles/cmTC_6c57f.dir/CMakeCXXCompilerABI.cpp.o] ==> ignore
    arg [-lstdc++] ==> lib [stdc++]
    arg [-lm] ==> lib [m]
    arg [-lgcc_s] ==> lib [gcc_s]
    arg [-lgcc] ==> lib [gcc]
    arg [-lc] ==> lib [c]
    arg [-lgcc_s] ==> lib [gcc_s]
    arg [-lgcc] ==> lib [gcc]
    arg [/usr/lib/gcc/arm-linux-gnueabihf/9/crtendS.o] ==> ignore
    arg [/usr/lib/gcc/arm-linux-gnueabihf/9/../../../arm-linux-gnueabihf/crtn.o] ==> ignore
  collapse library dir [/usr/lib/gcc/arm-linux-gnueabihf/9] ==> [/usr/lib/gcc/arm-linux-gnueabihf/9]
  collapse library dir [/usr/lib/gcc/arm-linux-gnueabihf/9/../../../arm-linux-gnueabihf] ==> [/usr/lib/arm-linux-gnueabihf]
  collapse library dir [/usr/lib/gcc/arm-linux-gnueabihf/9/../../../../lib] ==> [/usr/lib]
  collapse library dir [/lib/arm-linux-gnueabihf] ==> [/lib/arm-linux-gnueabihf]
  collapse library dir [/lib/../lib] ==> [/lib]
  collapse library dir [/usr/lib/arm-linux-gnueabihf] ==> [/usr/lib/arm-linux-gnueabihf]
  collapse library dir [/usr/lib/../lib] ==> [/usr/lib]
  collapse library dir [/usr/lib/gcc/arm-linux-gnueabihf/9/../../..] ==> [/usr/lib]
  implicit libs: [stdc++;m;gcc_s;gcc;c;gcc_s;gcc]
  implicit dirs: [/usr/lib/gcc/arm-linux-gnueabihf/9;/usr/lib/arm-linux-gnueabihf;/usr/lib;/lib/arm-linux-gnueabihf;/lib]
  implicit fwks: []


Determining if the include file unistd.h exists passed with the following output:
Change Dir: /home/hit-ices/omz_demos_build/CMakeFiles/CMakeTmp

Run Build Command(s):/usr/bin/make cmTC_c353d/fast && /usr/bin/make -f CMakeFiles/cmTC_c353d.dir/build.make CMakeFiles/cmTC_c353d.dir/build
make[1]: Entering directory '/home/hit-ices/omz_demos_build/CMakeFiles/CMakeTmp'
Building CXX object CMakeFiles/cmTC_c353d.dir/CheckIncludeFile.cxx.o
/usr/bin/c++    -std=c++11  -Werror -Wuninitialized -Winit-self -Wmaybe-uninitialized  -fPIE   -o CMakeFiles/cmTC_c353d.dir/CheckIncludeFile.cxx.o -c /home/hit-ices/omz_demos_build/CMakeFiles/CMakeTmp/CheckIncludeFile.cxx
Linking CXX executable cmTC_c353d
/usr/bin/cmake -E cmake_link_script CMakeFiles/cmTC_c353d.dir/link.txt --verbose=1
/usr/bin/c++  -std=c++11  -Werror -Wuninitialized -Winit-self -Wmaybe-uninitialized     -rdynamic CMakeFiles/cmTC_c353d.dir/CheckIncludeFile.cxx.o  -o cmTC_c353d 
make[1]: Leaving directory '/home/hit-ices/omz_demos_build/CMakeFiles/CMakeTmp'



Determining if the include file stdint.h exists passed with the following output:
Change Dir: /home/hit-ices/omz_demos_build/CMakeFiles/CMakeTmp

Run Build Command(s):/usr/bin/make cmTC_dfbca/fast && /usr/bin/make -f CMakeFiles/cmTC_dfbca.dir/build.make CMakeFiles/cmTC_dfbca.dir/build
make[1]: Entering directory '/home/hit-ices/omz_demos_build/CMakeFiles/CMakeTmp'
Building CXX object CMakeFiles/cmTC_dfbca.dir/CheckIncludeFile.cxx.o
/usr/bin/c++    -std=c++11  -Werror -Wuninitialized -Winit-self -Wmaybe-uninitialized  -fPIE   -o CMakeFiles/cmTC_dfbca.dir/CheckIncludeFile.cxx.o -c /home/hit-ices/omz_demos_build/CMakeFiles/CMakeTmp/CheckIncludeFile.cxx
Linking CXX executable cmTC_dfbca
/usr/bin/cmake -E cmake_link_script CMakeFiles/cmTC_dfbca.dir/link.txt --verbose=1
/usr/bin/c++  -std=c++11  -Werror -Wuninitialized -Winit-self -Wmaybe-uninitialized     -rdynamic CMakeFiles/cmTC_dfbca.dir/CheckIncludeFile.cxx.o  -o cmTC_dfbca 
make[1]: Leaving directory '/home/hit-ices/omz_demos_build/CMakeFiles/CMakeTmp'



Determining if the include file sys/types.h exists passed with the following output:
Change Dir: /home/hit-ices/omz_demos_build/CMakeFiles/CMakeTmp

Run Build Command(s):/usr/bin/make cmTC_3cc27/fast && /usr/bin/make -f CMakeFiles/cmTC_3cc27.dir/build.make CMakeFiles/cmTC_3cc27.dir/build
make[1]: Entering directory '/home/hit-ices/omz_demos_build/CMakeFiles/CMakeTmp'
Building CXX object CMakeFiles/cmTC_3cc27.dir/CheckIncludeFile.cxx.o
/usr/bin/c++    -std=c++11  -Werror -Wuninitialized -Winit-self -Wmaybe-uninitialized  -fPIE   -o CMakeFiles/cmTC_3cc27.dir/CheckIncludeFile.cxx.o -c /home/hit-ices/omz_demos_build/CMakeFiles/CMakeTmp/CheckIncludeFile.cxx
Linking CXX executable cmTC_3cc27
/usr/bin/cmake -E cmake_link_script CMakeFiles/cmTC_3cc27.dir/link.txt --verbose=1
/usr/bin/c++  -std=c++11  -Werror -Wuninitialized -Winit-self -Wmaybe-uninitialized     -rdynamic CMakeFiles/cmTC_3cc27.dir/CheckIncludeFile.cxx.o  -o cmTC_3cc27 
make[1]: Leaving directory '/home/hit-ices/omz_demos_build/CMakeFiles/CMakeTmp'



Determining if the include file fnmatch.h exists passed with the following output:
Change Dir: /home/hit-ices/omz_demos_build/CMakeFiles/CMakeTmp

Run Build Command(s):/usr/bin/make cmTC_b1d86/fast && /usr/bin/make -f CMakeFiles/cmTC_b1d86.dir/build.make CMakeFiles/cmTC_b1d86.dir/build
make[1]: Entering directory '/home/hit-ices/omz_demos_build/CMakeFiles/CMakeTmp'
Building CXX object CMakeFiles/cmTC_b1d86.dir/CheckIncludeFile.cxx.o
/usr/bin/c++    -std=c++11  -Werror -Wuninitialized -Winit-self -Wmaybe-uninitialized  -fPIE   -o CMakeFiles/cmTC_b1d86.dir/CheckIncludeFile.cxx.o -c /home/hit-ices/omz_demos_build/CMakeFiles/CMakeTmp/CheckIncludeFile.cxx
Linking CXX executable cmTC_b1d86
/usr/bin/cmake -E cmake_link_script CMakeFiles/cmTC_b1d86.dir/link.txt --verbose=1
/usr/bin/c++  -std=c++11  -Werror -Wuninitialized -Winit-self -Wmaybe-uninitialized     -rdynamic CMakeFiles/cmTC_b1d86.dir/CheckIncludeFile.cxx.o  -o cmTC_b1d86 
make[1]: Leaving directory '/home/hit-ices/omz_demos_build/CMakeFiles/CMakeTmp'



Determining if the include file stddef.h exists passed with the following output:
Change Dir: /home/hit-ices/omz_demos_build/CMakeFiles/CMakeTmp

Run Build Command(s):/usr/bin/make cmTC_4fb7e/fast && /usr/bin/make -f CMakeFiles/cmTC_4fb7e.dir/build.make CMakeFiles/cmTC_4fb7e.dir/build
make[1]: Entering directory '/home/hit-ices/omz_demos_build/CMakeFiles/CMakeTmp'
Building CXX object CMakeFiles/cmTC_4fb7e.dir/CheckIncludeFile.cxx.o
/usr/bin/c++    -std=c++11  -Werror -Wuninitialized -Winit-self -Wmaybe-uninitialized  -fPIE   -o CMakeFiles/cmTC_4fb7e.dir/CheckIncludeFile.cxx.o -c /home/hit-ices/omz_demos_build/CMakeFiles/CMakeTmp/CheckIncludeFile.cxx
Linking CXX executable cmTC_4fb7e
/usr/bin/cmake -E cmake_link_script CMakeFiles/cmTC_4fb7e.dir/link.txt --verbose=1
/usr/bin/c++  -std=c++11  -Werror -Wuninitialized -Winit-self -Wmaybe-uninitialized     -rdynamic CMakeFiles/cmTC_4fb7e.dir/CheckIncludeFile.cxx.o  -o cmTC_4fb7e 
make[1]: Leaving directory '/home/hit-ices/omz_demos_build/CMakeFiles/CMakeTmp'



Determining size of uint32_t passed with the following output:
Change Dir: /home/hit-ices/omz_demos_build/CMakeFiles/CMakeTmp

Run Build Command(s):/usr/bin/make cmTC_ff036/fast && /usr/bin/make -f CMakeFiles/cmTC_ff036.dir/build.make CMakeFiles/cmTC_ff036.dir/build
make[1]: Entering directory '/home/hit-ices/omz_demos_build/CMakeFiles/CMakeTmp'
Building CXX object CMakeFiles/cmTC_ff036.dir/uint32_t.cpp.o
/usr/bin/c++    -std=c++11  -Werror -Wuninitialized -Winit-self -Wmaybe-uninitialized  -fPIE   -o CMakeFiles/cmTC_ff036.dir/uint32_t.cpp.o -c /home/hit-ices/omz_demos_build/CMakeFiles/CheckTypeSize/uint32_t.cpp
Linking CXX executable cmTC_ff036
/usr/bin/cmake -E cmake_link_script CMakeFiles/cmTC_ff036.dir/link.txt --verbose=1
/usr/bin/c++  -std=c++11  -Werror -Wuninitialized -Winit-self -Wmaybe-uninitialized     -rdynamic CMakeFiles/cmTC_ff036.dir/uint32_t.cpp.o  -o cmTC_ff036 
make[1]: Leaving directory '/home/hit-ices/omz_demos_build/CMakeFiles/CMakeTmp'



Determining if the strtoll exist passed with the following output:
Change Dir: /home/hit-ices/omz_demos_build/CMakeFiles/CMakeTmp

Run Build Command(s):/usr/bin/make cmTC_8f462/fast && /usr/bin/make -f CMakeFiles/cmTC_8f462.dir/build.make CMakeFiles/cmTC_8f462.dir/build
make[1]: Entering directory '/home/hit-ices/omz_demos_build/CMakeFiles/CMakeTmp'
Building CXX object CMakeFiles/cmTC_8f462.dir/CheckSymbolExists.cxx.o
/usr/bin/c++    -std=c++11  -Werror -Wuninitialized -Winit-self -Wmaybe-uninitialized  -fPIE   -o CMakeFiles/cmTC_8f462.dir/CheckSymbolExists.cxx.o -c /home/hit-ices/omz_demos_build/CMakeFiles/CMakeTmp/CheckSymbolExists.cxx
Linking CXX executable cmTC_8f462
/usr/bin/cmake -E cmake_link_script CMakeFiles/cmTC_8f462.dir/link.txt --verbose=1
/usr/bin/c++  -std=c++11  -Werror -Wuninitialized -Winit-self -Wmaybe-uninitialized     -rdynamic CMakeFiles/cmTC_8f462.dir/CheckSymbolExists.cxx.o  -o cmTC_8f462 
make[1]: Leaving directory '/home/hit-ices/omz_demos_build/CMakeFiles/CMakeTmp'


File /home/hit-ices/omz_demos_build/CMakeFiles/CMakeTmp/CheckSymbolExists.cxx:
/* */
#include <stdlib.h>

int main(int argc, char** argv)
{
  (void)argv;
#ifndef strtoll
  return ((int*)(&strtoll))[argc];
#else
  (void)argc;
  return 0;
#endif
}
